631704803
4002796303
1965451123
702645771
3257336802
1308888701
2647494407
1307038000
3080831964
1467873699
1161438647
1624528881
1426801075
856408302
1827860388
1525848847
4066938455
1009664795
1350430288
1822435185
3027341204
3181641369
154216576
271286842
1460231020
2875570383
4033202412
3966293697
2167537027
2739994129
2842993736
845623227
1234607233
4011358023
3473820772
2951693490
4121961105
3073463604
1886000038
2565406699
1135917939
2067806806
2342117155
2777340755
3584844746
1816333584
223606119
4197457574
692214412
1656967199
183006329
3429842617
23088466
2444416753
1627145010
4111998900
4197000137
1914888143
724284933
3382094581
2960086615
1644682580
2377809881
1056701424
1260733748
2918268180
406912358
2686857458
50035648
989260815
1992362005
4104896007
4120625555
2462112673
2484007558
3051234774
1280532421
2465055104
2429575545
2351914211
2833061999
241008417
2640568114
3416548566
2087718892
238764496
62891005
2232499845
817456440
1034765576
3830390190
2107829595
1935428366
2382009370
1156018708
839371529
2568993272
3899100184
2365097709
967201245
4065433724
467647324
4098282789
4193385267
2545701741
1280443308
733850717
691464483
1120674259
2348378069
136010569
1500212094
1882816232
4257494098
532123846
433069561
2784615372
1099379195
11259411
519162333
1367589269
1936417917
1638667710
3847840230
1300581190
1270291103
1314947191
3237524629
1152166249
2350559399
3922133222
1058198093
1607234437
339219508
1599556716
2809988856
2440175885
3075953254
626977427
2298013984
4268466284
4170967710
1696909644
1102257020
3310317633
331485743
543579385
2556026017
400451545
1659662166
1154752101
1804952033
2844704705
3217793397
1392699158
4256824045
38332863
1661436502
806549113
2107700292
835149368
140309267
1127506388
3674079928
1106623857
2541049392
3467412950
1093392518
3791215411
2443478203
2767973189
214008773
2754380253
2331825198
701980428
98763516
2324636325
317115720
1630278364
2810842096
3156739590
1195603646
3795505996
3319343753
913525363
1836593713
1105338446
2268415618
2633958734
1731403058
2080284287
3046281836
1614402248
995601153
1063654766
973091183
1346229605
286840404
3728882281
348193577
3497140953
2590184554
1965105214
2698443631
3738456804
1599690667
3813859563
1397850846
3388582290
1885664092
577485064
400341061
2493181774
717375690
310800062
2058785771
2845593458
3608727370
1886848915
3269286993
1285326255
2367318947
2001827709
883282771
4162372299
2408867556
3017067871
2523169824
129754398
1535281805
4065823711
2044882021
3761754742
3636113989
517261111
3946931817
2061874310
569610879
98334438
1216864150
3680675847
2242824647
571047402
2140142405
2153956485
3105839437
1122781209
840400903
394505379
3737574730
775264066
1486504638
1276287867
238875615
3615273835
817095222
2460378155
2968947590
2493168671
3829404814
1350451593
276597508
4003908527
1958891399
1667447245
2163698704
563650774
1715246747
3476816700
3464588611
3890968275
2814239502
2079826974
1841603786
175304128
1481937330
3651038974
3784524383
2099450567
1446777359
1429821733
3401762239
902317246
804645095
1999892359
1041449001
3967772293
4066417545
3849945740
1052800262
1862712107
4060475354
4241404017
2658868906
3739826303
489501283
2299059799
3069717155
2928490294
2995444110
4099079
2420777777
903759104
1106279682
655158913
694224023
2506015531
492385659
3518864346
3233853319
3369446835
917045644
2222106209
3341545128
3697091056
1797509448
2701210365
1117375722
4046672019
3710492368
440627193
1836857748
104056153
2355231648
907080646
4050278932
4256441830
2905051150
314117039
1896128312
2559730994
3508176982
3614865255
3841062588
723359021
3485656982
2016050865
2831508496
2515236117
3335939980
2564539569
3119957995
3870941758
1536741108
908749272
2638271695
3808591840
1611476681
2453181711
1838926799
2536670650
1841367253
4158532616
3096497114
3469977802
171206790
208399376
1394992189
2663235748
1094207018
4287230863
479129993
3793565396
1275541285
2294404731
1011068602
197946893
1888962404
3059191502
831195622
3133256738
1999922793
417182327
386781436
457205638
3146426321
271667515
2380588116
1611077491
3516837148
859368102
927801963
1671082388
1648510064
436049151
2763627044
309870833
3511737433
1427606727
4161452179
872392156
884306714
3585283208
3790035256
304605636
619934529
926182796
3655703577
3902163354
1944586651
3134877782
564746005
411993357
494704749
1802912599
3230762549
1557933318
4017183477
3611967595
3439787652
3873786263
1798416357
3690948426
1490233927
565167072
2087400790
202933285
3564574700
2156553735
2633042567
2831532879
179058472
854848293
3347266611
799233794
3804614162
2499358376
598188588
1061597401
3360151440
716679271
1612649073
2598872169
1713796792
1140721807
2888397924
3632293689
389024012
3753120623
719197011
2475955165
4130295343
1435641196
1419475675
652918626
1865448335
2744065211
2678260685
1261194180
1443757329
3528959133
3479343783
614062431
2749625640
2645614521
1958089271
759033360
4097636073
663294309
340936747
4094619568
225096472
3759129546
2025376600
1684260841
408226486
2069630273
2328557583
856841834
985818892
3508612484
1562696427
652151322
3120172001
1278196837
1776023425
2075539636
1172342187
1041962146
4278113821
2845919390
2170622620
1957980697
843387831
769276122
706258148
1001922587
4259636918
77456310
2913994313
1312860039
898596048
1840647566
704117492
154718160
1341646649
2889497370
4139082635
2999311814
3331626246
2209221734
1364463889
1425574370
436358370
2431741341
3471153254
1192494961
2370826468
2302996594
3117589180
834196023
499694443
1056429536
3077516626
80749363
2212663797
1838228331
2677265299
771366783
1665307691
3495956316
789436778
1743643353
555804466
2007429623
1212343040
1598598878
3936236694
2766559071
932046026
2878024724
1122671346
2916993846
881802497
3911829909
3696955432
325687914
1996308865
971913477
2746207529
3734854017
931521438
3304689410
194808766
160745296
1286353493
1811827031
1175478156
1729352601
1884779946
321650260
1757257059
567125198
4002378553
1252155041
3208242493
714014471
3582769668
3725920919
4067783166
1549131089
810737710
1173190194
2459460569
545592214
3240925304
3221388282
2691417327
1725696870
1755666209
3756353832
3045733101
3588973652
1168004496
3169705497
572136459
3652831484
3786134020
2718892343
3900398583
160094443
16206442
4016886534
3627922953
2250823829
4021273182
1624155463
3792781725
2028018440
4009443763
2146573209
62599138
1281316253
3989534636
915612955
3019436050
2055463176
330099693
215312654
591050762
1948072844
3701304040
502968536
3287711206
3479461998
2930099769
1666186440
2271860771
1200390934
3676064140
531527641
4221892773
241624275
1314089755
1173995034
2861169239
1493637943
3267322258
4097622313
2328128972
3120964667
1759471528
450185254
3951062445
